2018-04-10 03:30:49 +0000 [MT] Initial pipeline context: <IDEDistributionProcessingPipelineContext: 0x7ff330b659e0; archive(resolved)='<IDEArchive: 0x7ff330b02700>', distributionTask(resolved)='2', distributionMethod(resolved)='<IDEDistributionMethodiOSEnterprise: 0x7ff330b17a70>', team(resolved)='<IDEProvisioningBasicTeam 0x7ff3309703b0: teamID: 77MMW6NR5H, teamName: Beijing Bitauto Interactive Advertising Co., Ltd>'>
	Chain (11, self inclusive):
	<IDEDistributionProcessingPipelineContext: 0x7ff330b659e0; archive = '<IDEArchive: 0x7ff330b02700>', distributionMethod='<IDEDistributionMethodiOSEnterprise: 0x7ff330b17a70>', team='<IDEProvisioningBasicTeam 0x7ff3309703b0: teamID: 77MMW6NR5H, teamName: Beijing Bitauto Interactive Advertising Co., Ltd>'>
	<IDEDistributionProcessingPipelineContext: 0x7ff32d536bc0; archive = '<IDEArchive: 0x7ff330b02700>', distributionMethod='<IDEDistributionMethodiOSEnterprise: 0x7ff330b17a70>', team='<IDEProvisioningBasicTeam 0x7ff3309703b0: teamID: 77MMW6NR5H, teamName: Beijing Bitauto Interactive Advertising Co., Ltd>'>
	<IDEDistributionContext: 0x7ff330b3b2d0; archive = '<IDEArchive: 0x7ff330b02700>', distributionMethod='<IDEDistributionMethodiOSEnterprise: 0x7ff330b17a70>', team='<IDEProvisioningBasicTeam 0x7ff3309703b0: teamID: 77MMW6NR5H, teamName: Beijing Bitauto Interactive Advertising Co., Ltd>'>
	<IDEDistributionContext: 0x7ff330b74050; archive = '<IDEArchive: 0x7ff330b02700>', distributionMethod='<IDEDistributionMethodiOSEnterprise: 0x7ff330b17a70>', team='<IDEProvisioningBasicTeam 0x7ff3309703b0: teamID: 77MMW6NR5H, teamName: Beijing Bitauto Interactive Advertising Co., Ltd>'>
	<IDEDistributionContext: 0x7ff330b51300; archive = '<IDEArchive: 0x7ff330b02700>', distributionMethod='<IDEDistributionMethodiOSEnterprise: 0x7ff330b17a70>', team='<IDEProvisioningBasicTeam 0x7ff3309703b0: teamID: 77MMW6NR5H, teamName: Beijing Bitauto Interactive Advertising Co., Ltd>'>
	<IDEDistributionContext: 0x7ff330b44720; archive = '<IDEArchive: 0x7ff330b02700>', distributionMethod='<IDEDistributionMethodiOSEnterprise: 0x7ff330b17a70>', team='<IDEProvisioningBasicTeam 0x7ff3309703b0: teamID: 77MMW6NR5H, teamName: Beijing Bitauto Interactive Advertising Co., Ltd>'>
	<IDEDistributionContext: 0x7ff330b4d120; archive = '<IDEArchive: 0x7ff330b02700>', distributionMethod='<IDEDistributionMethodiOSEnterprise: 0x7ff330b17a70>', team='<IDEProvisioningBasicTeam 0x7ff3309703b0: teamID: 77MMW6NR5H, teamName: Beijing Bitauto Interactive Advertising Co., Ltd>'>
	<IDEDistributionContext: 0x7ff330b54970; archive = '<IDEArchive: 0x7ff330b02700>', distributionMethod='<IDEDistributionMethodiOSEnterprise: 0x7ff330b17a70>', team='<IDEProvisioningBasicTeam 0x7ff3309703b0: teamID: 77MMW6NR5H, teamName: Beijing Bitauto Interactive Advertising Co., Ltd>'>
	<IDEDistributionContext: 0x7ff330a62db0; archive = '<IDEArchive: 0x7ff330b02700>', distributionMethod='<IDEDistributionMethodiOSEnterprise: 0x7ff330b17a70>', team='<IDEProvisioningBasicTeam 0x7ff3309703b0: teamID: 77MMW6NR5H, teamName: Beijing Bitauto Interactive Advertising Co., Ltd>'>
	<IDEDistributionContext: 0x7ff330959320; archive = '<IDEArchive: 0x7ff330b02700>', distributionMethod='<IDEDistributionMethodiOSEnterprise: 0x7ff330b17a70>', team='(null)'>
	<IDEDistributionContext: 0x7ff330b01a10; archive = '<IDEArchive: 0x7ff330b02700>', distributionMethod='(null)', team='(null)'>
</IDEDistributionProcessingPipelineContext: 0x7ff330b659e0>
2018-04-10 03:30:49 +0000 [MT] Processing step: IDEDistributionCreateDestRootStep
2018-04-10 03:30:49 +0000 [MT] Processing step: IDEDistributionCopyItemStep
2018-04-10 03:30:49 +0000 [MT] Running /usr/bin/ditto '-V' '/Users/Y.C.Lian/Documents/demo/CJDemo/CJMethodLog/Archiving/com.bitone.allApp/CJMethodLog_1_0_1/2018_04_10_11:30:41/CJMethodLog_1_0_1.xcarchive/Products/Applications/CJMethodLog.app' '/var/folders/jl/jq8_sx3n6hs_gxbfbp_bf0x40000gn/T/XcodeDistPipeline.Bft/Root/Payload/CJMethodLog.app'
2018-04-10 03:30:49 +0000  >>> Copying /Users/Y.C.Lian/Documents/demo/CJDemo/CJMethodLog/Archiving/com.bitone.allApp/CJMethodLog_1_0_1/2018_04_10_11:30:41/CJMethodLog_1_0_1.xcarchive/Products/Applications/CJMethodLog.app 
2018-04-10 03:30:49 +0000  copying file ./_CodeSignature/CodeResources ... 
2018-04-10 03:30:49 +0000  9215 bytes for ./_CodeSignature/CodeResources
2018-04-10 03:30:49 +0000  copying file ./archived-expanded-entitlements.xcent ... 
2018-04-10 03:30:49 +0000  372 bytes for ./archived-expanded-entitlements.xcent
2018-04-10 03:30:49 +0000  copying file ./Base.lproj/LaunchScreen.storyboardc/01J-lp-oVM-view-Ze5-6b-2t3.nib ... 
2018-04-10 03:30:49 +0000  1791 bytes for ./Base.lproj/LaunchScreen.storyboardc/01J-lp-oVM-view-Ze5-6b-2t3.nib
2018-04-10 03:30:49 +0000  copying file ./Base.lproj/LaunchScreen.storyboardc/Info.plist ... 
2018-04-10 03:30:49 +0000  258 bytes for ./Base.lproj/LaunchScreen.storyboardc/Info.plist
copying file ./Base.lproj/LaunchScreen.storyboardc/UIViewController-01J-lp-oVM.nib ... 
2018-04-10 03:30:49 +0000  832 bytes for ./Base.lproj/LaunchScreen.storyboardc/UIViewController-01J-lp-oVM.nib
2018-04-10 03:30:49 +0000  copying file ./Base.lproj/Main.storyboardc/8oJ-qM-Mrf-view-8fv-eu-jCy.nib/objects-11.0+.nib ... 
2018-04-10 03:30:49 +0000  4911 bytes for ./Base.lproj/Main.storyboardc/8oJ-qM-Mrf-view-8fv-eu-jCy.nib/objects-11.0+.nib
2018-04-10 03:30:49 +0000  copying file ./Base.lproj/Main.storyboardc/8oJ-qM-Mrf-view-8fv-eu-jCy.nib/runtime.nib ... 
2018-04-10 03:30:49 +0000  4906 bytes for ./Base.lproj/Main.storyboardc/8oJ-qM-Mrf-view-8fv-eu-jCy.nib/runtime.nib
2018-04-10 03:30:49 +0000  copying file ./Base.lproj/Main.storyboardc/9kR-3t-Zah-view-5cV-Xx-yMz.nib/objects-11.0+.nib ... 
2018-04-10 03:30:49 +0000  2807 bytes for ./Base.lproj/Main.storyboardc/9kR-3t-Zah-view-5cV-Xx-yMz.nib/objects-11.0+.nib
2018-04-10 03:30:49 +0000  copying file ./Base.lproj/Main.storyboardc/9kR-3t-Zah-view-5cV-Xx-yMz.nib/runtime.nib ... 
2018-04-10 03:30:49 +0000  2942 bytes for ./Base.lproj/Main.storyboardc/9kR-3t-Zah-view-5cV-Xx-yMz.nib/runtime.nib
2018-04-10 03:30:49 +0000  copying file ./Base.lproj/Main.storyboardc/BYZ-38-t0r-view-8bC-Xf-vdC.nib/objects-11.0+.nib ... 
2018-04-10 03:30:49 +0000  3652 bytes for ./Base.lproj/Main.storyboardc/BYZ-38-t0r-view-8bC-Xf-vdC.nib/objects-11.0+.nib
2018-04-10 03:30:49 +0000  copying file ./Base.lproj/Main.storyboardc/BYZ-38-t0r-view-8bC-Xf-vdC.nib/runtime.nib ... 
2018-04-10 03:30:49 +0000  3648 bytes for ./Base.lproj/Main.storyboardc/BYZ-38-t0r-view-8bC-Xf-vdC.nib/runtime.nib
2018-04-10 03:30:49 +0000  copying file ./Base.lproj/Main.storyboardc/Info.plist ... 
2018-04-10 03:30:49 +0000  391 bytes for ./Base.lproj/Main.storyboardc/Info.plist
2018-04-10 03:30:49 +0000  copying file ./Base.lproj/Main.storyboardc/TestTableViewController.nib/objects-11.0+.nib ... 
2018-04-10 03:30:49 +0000  1200 bytes for ./Base.lproj/Main.storyboardc/TestTableViewController.nib/objects-11.0+.nib
2018-04-10 03:30:49 +0000  copying file ./Base.lproj/Main.storyboardc/TestTableViewController.nib/runtime.nib ... 
2018-04-10 03:30:49 +0000  1200 bytes for ./Base.lproj/Main.storyboardc/TestTableViewController.nib/runtime.nib
2018-04-10 03:30:49 +0000  copying file ./Base.lproj/Main.storyboardc/TestViewController.nib/objects-11.0+.nib ... 
2018-04-10 03:30:49 +0000  1185 bytes for ./Base.lproj/Main.storyboardc/TestViewController.nib/objects-11.0+.nib
2018-04-10 03:30:49 +0000  copying file ./Base.lproj/Main.storyboardc/TestViewController.nib/runtime.nib ... 
2018-04-10 03:30:49 +0000  1185 bytes for ./Base.lproj/Main.storyboardc/TestViewController.nib/runtime.nib
2018-04-10 03:30:49 +0000  copying file ./Base.lproj/Main.storyboardc/UINavigationController-ov6-o8-LfN.nib/objects-11.0+.nib ... 
2018-04-10 03:30:49 +0000  1752 bytes for ./Base.lproj/Main.storyboardc/UINavigationController-ov6-o8-LfN.nib/objects-11.0+.nib
2018-04-10 03:30:49 +0000  copying file ./Base.lproj/Main.storyboardc/UINavigationController-ov6-o8-LfN.nib/runtime.nib ... 
2018-04-10 03:30:49 +0000  1752 bytes for ./Base.lproj/Main.storyboardc/UINavigationController-ov6-o8-LfN.nib/runtime.nib
2018-04-10 03:30:49 +0000  copying file ./CJMethodLog ... 
2018-04-10 03:30:49 +0000  712960 bytes for ./CJMethodLog
2018-04-10 03:30:49 +0000  copying file ./embedded.mobileprovision ... 
2018-04-10 03:30:49 +0000  7551 bytes for ./embedded.mobileprovision
copying file ./Info.plist ... 
2018-04-10 03:30:49 +0000  1111 bytes for ./Info.plist
2018-04-10 03:30:49 +0000  copying file ./PkgInfo ... 
2018-04-10 03:30:49 +0000  8 bytes for ./PkgInfo
2018-04-10 03:30:49 +0000 [MT] /usr/bin/ditto exited with 0
2018-04-10 03:30:49 +0000 [MT] Processing step: IDEDistributionEmbedProfileStep
2018-04-10 03:30:49 +0000 [MT] Processing step: IDEDistributionAppThinningPlistStep
2018-04-10 03:30:49 +0000 [MT] Skipping step: IDEDistributionAppThinningPlistStep because it said so
2018-04-10 03:30:49 +0000 [MT] Processing step: IDEDistributionCompileBitcodeStep
2018-04-10 03:30:49 +0000 [MT] Skipping step: IDEDistributionCompileBitcodeStep because it said so
2018-04-10 03:30:49 +0000 [MT] Processing step: IDEDistributionCodeSlimmingStep
2018-04-10 03:30:49 +0000 [MT] Processing step: IDEDistributionCopyBCSymbolMapsStep
2018-04-10 03:30:49 +0000 [MT] Skipping step: IDEDistributionCopyBCSymbolMapsStep because it said so
2018-04-10 03:30:49 +0000 [MT] Processing step: IDEDistributionSymbolsStep
2018-04-10 03:30:49 +0000 [MT] Skipping step: IDEDistributionSymbolsStep because it said so
2018-04-10 03:30:49 +0000 [MT] Processing step: IDEDistributionAppThinningStep
2018-04-10 03:30:49 +0000 [MT] Skipping step: IDEDistributionAppThinningStep because it said so
2018-04-10 03:30:49 +0000 [MT] Processing step: IDEDistributionODRStep
2018-04-10 03:30:49 +0000 [MT] Processing step: IDEDistributionStripXattrsStep
2018-04-10 03:30:49 +0000 [MT] Running /usr/bin/xattr '-cr' '/var/folders/jl/jq8_sx3n6hs_gxbfbp_bf0x40000gn/T/XcodeDistPipeline.Bft/Root/Payload/CJMethodLog.app'
2018-04-10 03:30:50 +0000 [MT] /usr/bin/xattr exited with 0
2018-04-10 03:30:50 +0000 [MT] Processing step: IDEDistributionCodesignStep
2018-04-10 03:30:50 +0000 [MT] Applying entitlements delta for <IDEDistributionItem: 0x7ff330967480 'com.bitone.allApp' '<DVTFilePath:0x7ff32d5f6f20:'/Users/Y.C.Lian/Documents/demo/CJDemo/CJMethodLog/Archiving/com.bitone.allApp/CJMethodLog_1_0_1/2018_04_10_11:30:41/CJMethodLog_1_0_1.xcarchive/Products/Applications/CJMethodLog.app'>'> from <IDEiCloudEntitlementsProcessor: 0x7ff330b5a210>: {
}
2018-04-10 03:30:50 +0000 [MT] Entitlements for <IDEDistributionItem: 0x7ff330967480 'com.bitone.allApp' '<DVTFilePath:0x7ff32d5f6f20:'/Users/Y.C.Lian/Documents/demo/CJDemo/CJMethodLog/Archiving/com.bitone.allApp/CJMethodLog_1_0_1/2018_04_10_11:30:41/CJMethodLog_1_0_1.xcarchive/Products/Applications/CJMethodLog.app'>'>: {
    "application-identifier" = "Q5338JDB3Q.com.bitone.allApp";
    "com.apple.developer.team-identifier" = 77MMW6NR5H;
    "get-task-allow" = 0;
    "keychain-access-groups" =     (
        "Q5338JDB3Q.com.bitone.allApp"
    );
}
2018-04-10 03:30:50 +0000 [MT] Writing entitlements for <IDEDistributionItem: 0x7ff330967480 'com.bitone.allApp' '<DVTFilePath:0x7ff32d5f6f20:'/Users/Y.C.Lian/Documents/demo/CJDemo/CJMethodLog/Archiving/com.bitone.allApp/CJMethodLog_1_0_1/2018_04_10_11:30:41/CJMethodLog_1_0_1.xcarchive/Products/Applications/CJMethodLog.app'>'> to: /var/folders/jl/jq8_sx3n6hs_gxbfbp_bf0x40000gn/T/XcodeDistPipeline.Bft/entitlementsBfrv8C
2018-04-10 03:30:50 +0000 [MT] Running /usr/bin/codesign '-vvv' '--force' '--sign' 'C08A2CF12948BB6C52D92131A28B61D327F671A9' '--preserve-metadata=identifier,flags' '--entitlements' '/var/folders/jl/jq8_sx3n6hs_gxbfbp_bf0x40000gn/T/XcodeDistPipeline.Bft/entitlementsBfrv8C' '/var/folders/jl/jq8_sx3n6hs_gxbfbp_bf0x40000gn/T/XcodeDistPipeline.Bft/Root/Payload/CJMethodLog.app'
2018-04-10 03:30:50 +0000  /var/folders/jl/jq8_sx3n6hs_gxbfbp_bf0x40000gn/T/XcodeDistPipeline.Bft/Root/Payload/CJMethodLog.app: signed app bundle with Mach-O universal (armv7 arm64) [com.bitone.allApp]
2018-04-10 03:30:50 +0000 [MT] /usr/bin/codesign exited with 0
2018-04-10 03:30:50 +0000 [MT] Processing step: IDEDistributionStreamingZipItemStep
2018-04-10 03:30:50 +0000 [MT] Skipping step: IDEDistributionStreamingZipItemStep because it said so
2018-04-10 03:30:50 +0000 [MT] Processing step: IDEDistributionCreateIPAStep
2018-04-10 03:30:50 +0000 [MT] Running /usr/bin/ditto '-V' '-c' '-k' '--norsrc' '/var/folders/jl/jq8_sx3n6hs_gxbfbp_bf0x40000gn/T/XcodeDistPipeline.Bft/Root' '/var/folders/jl/jq8_sx3n6hs_gxbfbp_bf0x40000gn/T/XcodeDistPipeline.Bft/Packages/CJMethodLog.ipa'
2018-04-10 03:30:50 +0000  >>> Copying /var/folders/jl/jq8_sx3n6hs_gxbfbp_bf0x40000gn/T/XcodeDistPipeline.Bft/Root 
2018-04-10 03:30:50 +0000  copying file ./Payload/CJMethodLog.app/_CodeSignature/CodeResources ... 
2018-04-10 03:30:50 +0000  9215 bytes for ./Payload/CJMethodLog.app/_CodeSignature/CodeResources
2018-04-10 03:30:50 +0000  copying file ./Payload/CJMethodLog.app/archived-expanded-entitlements.xcent ... 
372 bytes for ./Payload/CJMethodLog.app/archived-expanded-entitlements.xcent
copying file ./Payload/CJMethodLog.app/Base.lproj/LaunchScreen.storyboardc/01J-lp-oVM-view-Ze5-6b-2t3.nib ... 
2018-04-10 03:30:50 +0000  1791 bytes for ./Payload/CJMethodLog.app/Base.lproj/LaunchScreen.storyboardc/01J-lp-oVM-view-Ze5-6b-2t3.nib
copying file ./Payload/CJMethodLog.app/Base.lproj/LaunchScreen.storyboardc/Info.plist ... 
2018-04-10 03:30:50 +0000  258 bytes for ./Payload/CJMethodLog.app/Base.lproj/LaunchScreen.storyboardc/Info.plist
copying file ./Payload/CJMethodLog.app/Base.lproj/LaunchScreen.storyboardc/UIViewController-01J-lp-oVM.nib ... 
2018-04-10 03:30:50 +0000  832 bytes for ./Payload/CJMethodLog.app/Base.lproj/LaunchScreen.storyboardc/UIViewController-01J-lp-oVM.nib
copying file ./Payload/CJMethodLog.app/Base.lproj/Main.storyboardc/8oJ-qM-Mrf-view-8fv-eu-jCy.nib/objects-11.0+.nib ... 
2018-04-10 03:30:50 +0000  4911 bytes for ./Payload/CJMethodLog.app/Base.lproj/Main.storyboardc/8oJ-qM-Mrf-view-8fv-eu-jCy.nib/objects-11.0+.nib
copying file ./Payload/CJMethodLog.app/Base.lproj/Main.storyboardc/8oJ-qM-Mrf-view-8fv-eu-jCy.nib/runtime.nib ... 
2018-04-10 03:30:50 +0000  4906 bytes for ./Payload/CJMethodLog.app/Base.lproj/Main.storyboardc/8oJ-qM-Mrf-view-8fv-eu-jCy.nib/runtime.nib
2018-04-10 03:30:50 +0000  copying file ./Payload/CJMethodLog.app/Base.lproj/Main.storyboardc/9kR-3t-Zah-view-5cV-Xx-yMz.nib/objects-11.0+.nib ... 
2018-04-10 03:30:50 +0000  2807 bytes for ./Payload/CJMethodLog.app/Base.lproj/Main.storyboardc/9kR-3t-Zah-view-5cV-Xx-yMz.nib/objects-11.0+.nib
copying file ./Payload/CJMethodLog.app/Base.lproj/Main.storyboardc/9kR-3t-Zah-view-5cV-Xx-yMz.nib/runtime.nib ... 
2018-04-10 03:30:50 +0000  2942 bytes for ./Payload/CJMethodLog.app/Base.lproj/Main.storyboardc/9kR-3t-Zah-view-5cV-Xx-yMz.nib/runtime.nib
2018-04-10 03:30:50 +0000  copying file ./Payload/CJMethodLog.app/Base.lproj/Main.storyboardc/BYZ-38-t0r-view-8bC-Xf-vdC.nib/objects-11.0+.nib ... 
2018-04-10 03:30:50 +0000  3652 bytes for ./Payload/CJMethodLog.app/Base.lproj/Main.storyboardc/BYZ-38-t0r-view-8bC-Xf-vdC.nib/objects-11.0+.nib
copying file ./Payload/CJMethodLog.app/Base.lproj/Main.storyboardc/BYZ-38-t0r-view-8bC-Xf-vdC.nib/runtime.nib ... 
2018-04-10 03:30:50 +0000  3648 bytes for ./Payload/CJMethodLog.app/Base.lproj/Main.storyboardc/BYZ-38-t0r-view-8bC-Xf-vdC.nib/runtime.nib
2018-04-10 03:30:50 +0000  copying file ./Payload/CJMethodLog.app/Base.lproj/Main.storyboardc/Info.plist ... 
391 bytes for ./Payload/CJMethodLog.app/Base.lproj/Main.storyboardc/Info.plist
2018-04-10 03:30:50 +0000  copying file ./Payload/CJMethodLog.app/Base.lproj/Main.storyboardc/TestTableViewController.nib/objects-11.0+.nib ... 
2018-04-10 03:30:50 +0000  1200 bytes for ./Payload/CJMethodLog.app/Base.lproj/Main.storyboardc/TestTableViewController.nib/objects-11.0+.nib
copying file ./Payload/CJMethodLog.app/Base.lproj/Main.storyboardc/TestTableViewController.nib/runtime.nib ... 
2018-04-10 03:30:50 +0000  1200 bytes for ./Payload/CJMethodLog.app/Base.lproj/Main.storyboardc/TestTableViewController.nib/runtime.nib
2018-04-10 03:30:50 +0000  copying file ./Payload/CJMethodLog.app/Base.lproj/Main.storyboardc/TestViewController.nib/objects-11.0+.nib ... 
2018-04-10 03:30:50 +0000  1185 bytes for ./Payload/CJMethodLog.app/Base.lproj/Main.storyboardc/TestViewController.nib/objects-11.0+.nib
copying file ./Payload/CJMethodLog.app/Base.lproj/Main.storyboardc/TestViewController.nib/runtime.nib ... 
2018-04-10 03:30:50 +0000  1185 bytes for ./Payload/CJMethodLog.app/Base.lproj/Main.storyboardc/TestViewController.nib/runtime.nib
copying file ./Payload/CJMethodLog.app/Base.lproj/Main.storyboardc/UINavigationController-ov6-o8-LfN.nib/objects-11.0+.nib ... 
2018-04-10 03:30:50 +0000  1752 bytes for ./Payload/CJMethodLog.app/Base.lproj/Main.storyboardc/UINavigationController-ov6-o8-LfN.nib/objects-11.0+.nib
copying file ./Payload/CJMethodLog.app/Base.lproj/Main.storyboardc/UINavigationController-ov6-o8-LfN.nib/runtime.nib ... 
2018-04-10 03:30:50 +0000  1752 bytes for ./Payload/CJMethodLog.app/Base.lproj/Main.storyboardc/UINavigationController-ov6-o8-LfN.nib/runtime.nib
2018-04-10 03:30:50 +0000  copying file ./Payload/CJMethodLog.app/CJMethodLog ... 
2018-04-10 03:30:50 +0000  234912 bytes for ./Payload/CJMethodLog.app/CJMethodLog
copying file ./Payload/CJMethodLog.app/embedded.mobileprovision ... 
2018-04-10 03:30:50 +0000  7551 bytes for ./Payload/CJMethodLog.app/embedded.mobileprovision
copying file ./Payload/CJMethodLog.app/Info.plist ... 
2018-04-10 03:30:50 +0000  1111 bytes for ./Payload/CJMethodLog.app/Info.plist
copying file ./Payload/CJMethodLog.app/PkgInfo ... 
8 bytes for ./Payload/CJMethodLog.app/PkgInfo
2018-04-10 03:30:50 +0000 [MT] /usr/bin/ditto exited with 0
2018-04-10 03:30:50 +0000 [MT] Processing step: IDEDistributionCreateManifestStep
